{"@timestamp":"2020-06-06T05:12:41.119Z","level":"INFO","message":"No active profile set, falling back to default profiles: default","logger_name":"com.demo.CustomerMS.CustomerMicroserviceApplication","thread_name":"main","application_name":"CustomerMS"}
{"@timestamp":"2020-06-06T05:12:49.556Z","level":"INFO","message":"Started CustomerMicroserviceApplication in 9.595 seconds (JVM running for 11.037)","logger_name":"com.demo.CustomerMS.CustomerMicroserviceApplication","thread_name":"main","application_name":"CustomerMS"}
{"@timestamp":"2020-06-06T05:13:15.123Z","level":"INFO","message":"Entering  class CustomerController  with method getById and argument[1]","logger_name":"com.demo.CustomerMS.aop.LoggingAspect","thread_name":"http-nio-8082-exec-1","application_name":"CustomerMS","trace_id":"eeb6182c5e5e3ff2","span_id":"eeb6182c5e5e3ff2","exportable":"false"}
{"@timestamp":"2020-06-06T05:13:15.351Z","level":"INFO","message":"In Profile","logger_name":"com.demo.CustomerMS.controller.CustomerController","thread_name":"hystrix-CustomerController-1","application_name":"CustomerMS","trace_id":"eeb6182c5e5e3ff2","span_id":"d3d7723117bd3642","parent_span_id":"eeb6182c5e5e3ff2","exportable":"false","test_t":"I am test value","test":"I am test value"}
{"@timestamp":"2020-06-06T05:13:15.352Z","level":"INFO","message":"Entering  class CustomerServiceImpl  with method getById and argument[1]","logger_name":"com.demo.CustomerMS.aop.LoggingAspect","thread_name":"hystrix-CustomerController-1","application_name":"CustomerMS","trace_id":"eeb6182c5e5e3ff2","span_id":"d3d7723117bd3642","parent_span_id":"eeb6182c5e5e3ff2","exportable":"false","test_t":"I am test value","test":"I am test value"}
{"@timestamp":"2020-06-06T05:13:15.381Z","level":"INFO","message":"Exiting  class CustomerServiceImpl  with method getById and argument[1]","logger_name":"com.demo.CustomerMS.aop.LoggingAspect","thread_name":"hystrix-CustomerController-1","application_name":"CustomerMS","trace_id":"eeb6182c5e5e3ff2","span_id":"d3d7723117bd3642","parent_span_id":"eeb6182c5e5e3ff2","exportable":"false","test_t":"I am test value","test":"I am test value"}
{"@timestamp":"2020-06-06T05:13:15.390Z","level":"INFO","message":"Exiting  class CustomerController  with method getById and argument[1]","logger_name":"com.demo.CustomerMS.aop.LoggingAspect","thread_name":"http-nio-8082-exec-1","application_name":"CustomerMS","trace_id":"eeb6182c5e5e3ff2","span_id":"eeb6182c5e5e3ff2","exportable":"false"}
{"@timestamp":"2020-06-06T18:38:11.362Z","level":"INFO","message":"No active profile set, falling back to default profiles: default","logger_name":"com.demo.CustomerMS.CustomerMicroserviceApplication","thread_name":"main","application_name":"CustomerMS"}
{"@timestamp":"2020-06-06T18:38:27.362Z","level":"INFO","message":"Started CustomerMicroserviceApplication in 19.482 seconds (JVM running for 21.926)","logger_name":"com.demo.CustomerMS.CustomerMicroserviceApplication","thread_name":"main","application_name":"CustomerMS"}
{"@timestamp":"2020-06-06T18:56:42.162Z","level":"INFO","message":"No active profile set, falling back to default profiles: default","logger_name":"com.demo.CustomerMS.CustomerMicroserviceApplication","thread_name":"main","application_name":"CustomerMS"}
{"@timestamp":"2020-06-06T19:05:43.200Z","level":"INFO","message":"No active profile set, falling back to default profiles: default","logger_name":"com.demo.CustomerMS.CustomerMicroserviceApplication","thread_name":"main","application_name":"CustomerMS"}
{"@timestamp":"2020-06-06T19:06:32.134Z","level":"INFO","message":"Started CustomerMicroserviceApplication in 51.158 seconds (JVM running for 55.8)","logger_name":"com.demo.CustomerMS.CustomerMicroserviceApplication","thread_name":"main","application_name":"CustomerMS"}
{"@timestamp":"2020-06-06T19:09:22.289Z","level":"INFO","message":"No active profile set, falling back to default profiles: default","logger_name":"com.demo.CustomerMS.CustomerMicroserviceApplication","thread_name":"main","application_name":"CustomerMS"}
{"@timestamp":"2020-06-06T19:09:49.280Z","level":"INFO","message":"Started CustomerMicroserviceApplication in 28.886 seconds (JVM running for 34.417)","logger_name":"com.demo.CustomerMS.CustomerMicroserviceApplication","thread_name":"main","application_name":"CustomerMS"}
{"@timestamp":"2020-06-06T19:13:51.458Z","level":"INFO","message":"No active profile set, falling back to default profiles: default","logger_name":"com.demo.CustomerMS.CustomerMicroserviceApplication","thread_name":"main","application_name":"CustomerMS"}
{"@timestamp":"2020-06-06T19:14:17.698Z","level":"INFO","message":"Started CustomerMicroserviceApplication in 27.739 seconds (JVM running for 33.616)","logger_name":"com.demo.CustomerMS.CustomerMicroserviceApplication","thread_name":"main","application_name":"CustomerMS"}
{"@timestamp":"2020-06-06T19:18:16.689Z","level":"INFO","message":"No active profile set, falling back to default profiles: default","logger_name":"com.demo.CustomerMS.CustomerMicroserviceApplication","thread_name":"main","application_name":"CustomerMS"}
{"@timestamp":"2020-06-06T19:18:43.219Z","level":"INFO","message":"Started CustomerMicroserviceApplication in 28.056 seconds (JVM running for 34.482)","logger_name":"com.demo.CustomerMS.CustomerMicroserviceApplication","thread_name":"main","application_name":"CustomerMS"}
{"@timestamp":"2020-06-06T19:19:28.761Z","level":"INFO","message":"No active profile set, falling back to default profiles: default","logger_name":"com.demo.CustomerMS.CustomerMicroserviceApplication","thread_name":"main","application_name":"CustomerMS"}
{"@timestamp":"2020-06-06T19:20:30.001Z","level":"INFO","message":"No active profile set, falling back to default profiles: default","logger_name":"com.demo.CustomerMS.CustomerMicroserviceApplication","thread_name":"main","application_name":"CustomerMS"}
{"@timestamp":"2020-06-06T19:20:54.596Z","level":"INFO","message":"Started CustomerMicroserviceApplication in 26.218 seconds (JVM running for 30.782)","logger_name":"com.demo.CustomerMS.CustomerMicroserviceApplication","thread_name":"main","application_name":"CustomerMS"}
{"@timestamp":"2020-06-06T19:23:19.367Z","level":"INFO","message":"No active profile set, falling back to default profiles: default","logger_name":"com.demo.CustomerMS.CustomerMicroserviceApplication","thread_name":"main","application_name":"CustomerMS"}
{"@timestamp":"2020-06-06T19:23:49.517Z","level":"INFO","message":"Started CustomerMicroserviceApplication in 32.252 seconds (JVM running for 38.938)","logger_name":"com.demo.CustomerMS.CustomerMicroserviceApplication","thread_name":"main","application_name":"CustomerMS"}
{"@timestamp":"2020-06-06T19:24:34.282Z","level":"INFO","message":"No active profile set, falling back to default profiles: default","logger_name":"com.demo.CustomerMS.CustomerMicroserviceApplication","thread_name":"main","application_name":"CustomerMS"}
{"@timestamp":"2020-06-06T19:24:57.402Z","level":"INFO","message":"Started CustomerMicroserviceApplication in 24.729 seconds (JVM running for 33.103)","logger_name":"com.demo.CustomerMS.CustomerMicroserviceApplication","thread_name":"main","application_name":"CustomerMS"}
{"@timestamp":"2020-06-06T19:25:41.416Z","level":"INFO","message":"No active profile set, falling back to default profiles: default","logger_name":"com.demo.CustomerMS.CustomerMicroserviceApplication","thread_name":"main","application_name":"CustomerMS"}
{"@timestamp":"2020-06-06T19:26:06.559Z","level":"INFO","message":"Started CustomerMicroserviceApplication in 26.584 seconds (JVM running for 33.28)","logger_name":"com.demo.CustomerMS.CustomerMicroserviceApplication","thread_name":"main","application_name":"CustomerMS"}
A{"@timestamp":"2020-06-06T19:35:28.494Z","level":"INFO","message":"No active profile set, falling back to default profiles: default","logger_name":"com.demo.CustomerMS.CustomerMicroserviceApplication","thread_name":"main","application_name":"CustomerMS"}
{"@timestamp":"2020-06-06T19:35:45.959Z","level":"INFO","message":"Started CustomerMicroserviceApplication in 18.499 seconds (JVM running for 22.549)","logger_name":"com.demo.CustomerMS.CustomerMicroserviceApplication","thread_name":"main","application_name":"CustomerMS"}
{"@timestamp":"2020-06-06T22:54:02.408Z","level":"INFO","message":"No active profile set, falling back to default profiles: default","logger_name":"com.demo.CustomerMS.CustomerMicroserviceApplication","thread_name":"main","application_name":"CustomerMS"}
{"@timestamp":"2020-06-06T22:54:10.307Z","level":"INFO","message":"Started CustomerMicroserviceApplication in 9.328 seconds (JVM running for 11.546)","logger_name":"com.demo.CustomerMS.CustomerMicroserviceApplication","thread_name":"main","application_name":"CustomerMS"}

{"@timestamp":"2020-06-06T22:59:51.078Z","level":"INFO","message":"No active profile set, falling back to default profiles: default","logger_name":"com.demo.CustomerMS.CustomerMicroserviceApplication","thread_name":"main","application_name":"CustomerMS"}
{"@timestamp":"2020-06-06T22:59:57.892Z","level":"INFO","message":"Started CustomerMicroserviceApplication in 7.941 seconds (JVM running for 9.328)","logger_name":"com.demo.CustomerMS.CustomerMicroserviceApplication","thread_name":"main","application_name":"CustomerMS"}
{"@timestamp":"2020-06-06T23:01:45.460Z","level":"INFO","message":"No active profile set, falling back to default profiles: default","logger_name":"com.demo.CustomerMS.CustomerMicroserviceApplication","thread_name":"main","application_name":"CustomerMS"}
{"@timestamp":"2020-06-06T23:01:52.658Z","level":"INFO","message":"Started CustomerMicroserviceApplication in 23.283 seconds (JVM running for 24.795)","logger_name":"com.demo.CustomerMS.CustomerMicroserviceApplication","thread_name":"main","application_name":"CustomerMS"}
{"@timestamp":"2020-06-06T23:12:49.208Z","level":"INFO","message":"No active profile set, falling back to default profiles: default","logger_name":"com.demo.CustomerMS.CustomerMicroserviceApplication","thread_name":"main","application_name":"CustomerMS"}
{"@timestamp":"2020-06-06T23:12:59.791Z","level":"INFO","message":"Started CustomerMicroserviceApplication in 12.371 seconds (JVM running for 15.467)","logger_name":"com.demo.CustomerMS.CustomerMicroserviceApplication","thread_name":"main","application_name":"CustomerMS"}
