{"@timestamp":"2020-06-18T23:41:52.270Z","level":"ERROR","message":"Customer with id  3 is not found","logger_name":"com.demo.CustomerMS.serviceimpl.CustomerServiceImpl","thread_name":"main"}
{"@timestamp":"2020-06-18T23:57:02.353Z","level":"ERROR","message":"Customer with id  3 is not found","logger_name":"com.demo.CustomerMS.serviceimpl.CustomerServiceImpl","thread_name":"main"}
{"@timestamp":"2020-06-18T23:58:43.186Z","level":"ERROR","message":"Customer with id  3 is not found","logger_name":"com.demo.CustomerMS.serviceimpl.CustomerServiceImpl","thread_name":"main"}
{"@timestamp":"2020-06-18T23:59:25.747Z","level":"ERROR","message":"Customer with id  3 is not found","logger_name":"com.demo.CustomerMS.serviceimpl.CustomerServiceImpl","thread_name":"main"}
{"@timestamp":"2020-06-19T00:01:44.126Z","level":"ERROR","message":"Customer with id  3 is not found","logger_name":"com.demo.CustomerMS.serviceimpl.CustomerServiceImpl","thread_name":"main"}
{"@timestamp":"2020-06-19T03:36:32.761Z","level":"ERROR","message":"Customer with id  3 is not found","logger_name":"com.demo.CustomerMS.serviceimpl.CustomerServiceImpl","thread_name":"main"}
{"@timestamp":"2020-06-19T03:42:48.515Z","level":"ERROR","message":"Customer with id  3 is not found","logger_name":"com.demo.CustomerMS.serviceimpl.CustomerServiceImpl","thread_name":"main"}
{"@timestamp":"2020-06-19T04:05:59.878Z","level":"INFO","message":"No active profile set, falling back to default profiles: default","logger_name":"com.demo.CustomerMS.CustomerServiceTest","thread_name":"main","application_name":"CustomerMS"}
{"@timestamp":"2020-06-19T04:06:06.294Z","level":"INFO","message":"Started CustomerServiceTest in 7.013 seconds (JVM running for 8.234)","logger_name":"com.demo.CustomerMS.CustomerServiceTest","thread_name":"main","application_name":"CustomerMS"}
{"@timestamp":"2020-06-19T04:06:06.496Z","level":"INFO","message":"Entering  class CustomerServiceImpl  with method getById and argument[3]","logger_name":"com.demo.CustomerMS.aop.LoggingAspect","thread_name":"main","application_name":"CustomerMS"}
{"@timestamp":"2020-06-19T04:06:06.511Z","level":"INFO","message":"Exiting  class CustomerServiceImpl  with method getById and argument[3]","logger_name":"com.demo.CustomerMS.aop.LoggingAspect","thread_name":"main","application_name":"CustomerMS"}
{"@timestamp":"2020-06-19T04:06:06.537Z","level":"INFO","message":"Entering  class CustomerServiceImpl  with method add and argument[Customer(id=3, firstName=Ramila, lastName=Karki, email=ramila@gmail.com)]","logger_name":"com.demo.CustomerMS.aop.LoggingAspect","thread_name":"main","application_name":"CustomerMS"}
{"@timestamp":"2020-06-19T04:06:06.659Z","level":"ERROR","message":"Customer with {}ramila@gmail.com already exists in the system","logger_name":"com.demo.CustomerMS.serviceimpl.CustomerServiceImpl","thread_name":"main","application_name":"CustomerMS"}
{"@timestamp":"2020-06-19T04:06:45.277Z","level":"INFO","message":"No active profile set, falling back to default profiles: default","logger_name":"com.demo.CustomerMS.CustomerServiceTest","thread_name":"main","application_name":"CustomerMS"}
{"@timestamp":"2020-06-19T04:06:52.063Z","level":"INFO","message":"Started CustomerServiceTest in 7.473 seconds (JVM running for 8.643)","logger_name":"com.demo.CustomerMS.CustomerServiceTest","thread_name":"main","application_name":"CustomerMS"}
{"@timestamp":"2020-06-19T04:06:52.282Z","level":"INFO","message":"Entering  class CustomerServiceImpl  with method getById and argument[3]","logger_name":"com.demo.CustomerMS.aop.LoggingAspect","thread_name":"main","application_name":"CustomerMS"}
{"@timestamp":"2020-06-19T04:06:52.296Z","level":"INFO","message":"Exiting  class CustomerServiceImpl  with method getById and argument[3]","logger_name":"com.demo.CustomerMS.aop.LoggingAspect","thread_name":"main","application_name":"CustomerMS"}
{"@timestamp":"2020-06-19T04:06:52.316Z","level":"INFO","message":"Entering  class CustomerServiceImpl  with method add and argument[Customer(id=3, firstName=Ramila, lastName=Karki, email=ramila@gmail.com)]","logger_name":"com.demo.CustomerMS.aop.LoggingAspect","thread_name":"main","application_name":"CustomerMS"}
{"@timestamp":"2020-06-19T04:06:52.467Z","level":"ERROR","message":"Customer with {}ramila@gmail.com already exists in the system","logger_name":"com.demo.CustomerMS.serviceimpl.CustomerServiceImpl","thread_name":"main","application_name":"CustomerMS"}
{"@timestamp":"2020-06-19T04:07:35.534Z","level":"INFO","message":"No active profile set, falling back to default profiles: default","logger_name":"com.demo.CustomerMS.CustomerServiceTest","thread_name":"main","application_name":"CustomerMS"}
{"@timestamp":"2020-06-19T04:07:42.805Z","level":"INFO","message":"Started CustomerServiceTest in 7.846 seconds (JVM running for 9.02)","logger_name":"com.demo.CustomerMS.CustomerServiceTest","thread_name":"main","application_name":"CustomerMS"}
{"@timestamp":"2020-06-19T04:07:43.028Z","level":"INFO","message":"Entering  class CustomerServiceImpl  with method getById and argument[3]","logger_name":"com.demo.CustomerMS.aop.LoggingAspect","thread_name":"main","application_name":"CustomerMS"}
{"@timestamp":"2020-06-19T04:07:43.044Z","level":"INFO","message":"Exiting  class CustomerServiceImpl  with method getById and argument[3]","logger_name":"com.demo.CustomerMS.aop.LoggingAspect","thread_name":"main","application_name":"CustomerMS"}
{"@timestamp":"2020-06-19T04:07:43.064Z","level":"INFO","message":"Entering  class CustomerServiceImpl  with method add and argument[Customer(id=3, firstName=Ramila, lastName=Karki, email=ramila@gmail.com)]","logger_name":"com.demo.CustomerMS.aop.LoggingAspect","thread_name":"main","application_name":"CustomerMS"}
{"@timestamp":"2020-06-19T04:07:43.228Z","level":"ERROR","message":"Customer with {}ramila@gmail.com already exists in the system","logger_name":"com.demo.CustomerMS.serviceimpl.CustomerServiceImpl","thread_name":"main","application_name":"CustomerMS"}
{"@timestamp":"2020-06-19T04:08:17.744Z","level":"INFO","message":"No active profile set, falling back to default profiles: default","logger_name":"com.demo.CustomerMS.CustomerServiceTest","thread_name":"main","application_name":"CustomerMS"}
{"@timestamp":"2020-06-19T04:08:24.534Z","level":"INFO","message":"Started CustomerServiceTest in 7.374 seconds (JVM running for 8.549)","logger_name":"com.demo.CustomerMS.CustomerServiceTest","thread_name":"main","application_name":"CustomerMS"}
{"@timestamp":"2020-06-19T04:08:24.747Z","level":"INFO","message":"Entering  class CustomerServiceImpl  with method getById and argument[2]","logger_name":"com.demo.CustomerMS.aop.LoggingAspect","thread_name":"main","application_name":"CustomerMS"}
{"@timestamp":"2020-06-19T04:08:24.762Z","level":"INFO","message":"Exiting  class CustomerServiceImpl  with method getById and argument[2]","logger_name":"com.demo.CustomerMS.aop.LoggingAspect","thread_name":"main","application_name":"CustomerMS"}
{"@timestamp":"2020-06-19T04:08:24.781Z","level":"INFO","message":"Entering  class CustomerServiceImpl  with method add and argument[Customer(id=3, firstName=Ramila, lastName=Karki, email=ramila@gmail.com)]","logger_name":"com.demo.CustomerMS.aop.LoggingAspect","thread_name":"main","application_name":"CustomerMS"}
{"@timestamp":"2020-06-19T04:08:24.900Z","level":"ERROR","message":"Customer with {}ramila@gmail.com already exists in the system","logger_name":"com.demo.CustomerMS.serviceimpl.CustomerServiceImpl","thread_name":"main","application_name":"CustomerMS"}
{"@timestamp":"2020-06-19T04:09:07.618Z","level":"INFO","message":"No active profile set, falling back to default profiles: default","logger_name":"com.demo.CustomerMS.CustomerServiceTest","thread_name":"main","application_name":"CustomerMS"}
{"@timestamp":"2020-06-19T04:09:14.795Z","level":"INFO","message":"Started CustomerServiceTest in 7.772 seconds (JVM running for 8.959)","logger_name":"com.demo.CustomerMS.CustomerServiceTest","thread_name":"main","application_name":"CustomerMS"}
{"@timestamp":"2020-06-19T04:09:15.028Z","level":"INFO","message":"Entering  class CustomerServiceImpl  with method getById and argument[2]","logger_name":"com.demo.CustomerMS.aop.LoggingAspect","thread_name":"main","application_name":"CustomerMS"}
{"@timestamp":"2020-06-19T04:09:15.044Z","level":"INFO","message":"Exiting  class CustomerServiceImpl  with method getById and argument[2]","logger_name":"com.demo.CustomerMS.aop.LoggingAspect","thread_name":"main","application_name":"CustomerMS"}
{"@timestamp":"2020-06-19T04:09:15.066Z","level":"INFO","message":"Entering  class CustomerServiceImpl  with method add and argument[Customer(id=3, firstName=Ramila, lastName=Karki, email=ramilaa@gmail.com)]","logger_name":"com.demo.CustomerMS.aop.LoggingAspect","thread_name":"main","application_name":"CustomerMS"}
{"@timestamp":"2020-06-19T04:09:15.232Z","level":"INFO","message":"Exiting  class CustomerServiceImpl  with method add and argument[Customer(id=3, firstName=Ramila, lastName=Karki, email=ramilaa@gmail.com)]","logger_name":"com.demo.CustomerMS.aop.LoggingAspect","thread_name":"main","application_name":"CustomerMS"}
{"@timestamp":"2020-06-19T04:10:03.951Z","level":"INFO","message":"No active profile set, falling back to default profiles: default","logger_name":"com.demo.CustomerMS.CustomerServiceTest","thread_name":"main","application_name":"CustomerMS"}
{"@timestamp":"2020-06-19T04:10:13.260Z","level":"INFO","message":"Started CustomerServiceTest in 10.039 seconds (JVM running for 13.583)","logger_name":"com.demo.CustomerMS.CustomerServiceTest","thread_name":"main","application_name":"CustomerMS"}
{"@timestamp":"2020-06-19T04:10:13.554Z","level":"INFO","message":"Entering  class CustomerServiceImpl  with method getById and argument[2]","logger_name":"com.demo.CustomerMS.aop.LoggingAspect","thread_name":"main","application_name":"CustomerMS"}
{"@timestamp":"2020-06-19T04:10:13.581Z","level":"INFO","message":"Exiting  class CustomerServiceImpl  with method getById and argument[2]","logger_name":"com.demo.CustomerMS.aop.LoggingAspect","thread_name":"main","application_name":"CustomerMS"}
{"@timestamp":"2020-06-19T04:10:13.607Z","level":"INFO","message":"Entering  class CustomerServiceImpl  with method add and argument[Customer(id=3, firstName=Ramila, lastName=Karki, email=ramilaa@gmail.com)]","logger_name":"com.demo.CustomerMS.aop.LoggingAspect","thread_name":"main","application_name":"CustomerMS"}
{"@timestamp":"2020-06-19T04:10:13.826Z","level":"INFO","message":"Exiting  class CustomerServiceImpl  with method add and argument[Customer(id=3, firstName=Ramila, lastName=Karki, email=ramilaa@gmail.com)]","logger_name":"com.demo.CustomerMS.aop.LoggingAspect","thread_name":"main","application_name":"CustomerMS"}
{"@timestamp":"2020-06-19T04:16:38.586Z","level":"INFO","message":"No active profile set, falling back to default profiles: default","logger_name":"com.demo.CustomerMS.CustomerServiceTest","thread_name":"main","application_name":"CustomerMS"}
{"@timestamp":"2020-06-19T04:16:45.775Z","level":"INFO","message":"Started CustomerServiceTest in 8.994 seconds (JVM running for 10.11)","logger_name":"com.demo.CustomerMS.CustomerServiceTest","thread_name":"main","application_name":"CustomerMS"}
{"@timestamp":"2020-06-19T04:16:46.006Z","level":"ERROR","message":"Customer with id  2 is not found","logger_name":"com.demo.CustomerMS.serviceimpl.CustomerServiceImpl","thread_name":"main","application_name":"CustomerMS"}
{"@timestamp":"2020-06-19T04:16:46.023Z","level":"ERROR","message":"Customer with id  3 is not found","logger_name":"com.demo.CustomerMS.serviceimpl.CustomerServiceImpl","thread_name":"main","application_name":"CustomerMS"}
{"@timestamp":"2020-06-19T04:23:17.456Z","level":"INFO","message":"No active profile set, falling back to default profiles: default","logger_name":"com.demo.CustomerMS.CustomerServiceTest","thread_name":"main","application_name":"CustomerMS"}
{"@timestamp":"2020-06-19T04:23:24.541Z","level":"INFO","message":"Started CustomerServiceTest in 7.655 seconds (JVM running for 8.815)","logger_name":"com.demo.CustomerMS.CustomerServiceTest","thread_name":"main","application_name":"CustomerMS"}
{"@timestamp":"2020-06-19T04:23:24.772Z","level":"ERROR","message":"Customer with id  2 is not found","logger_name":"com.demo.CustomerMS.serviceimpl.CustomerServiceImpl","thread_name":"main","application_name":"CustomerMS"}
{"@timestamp":"2020-06-19T04:23:24.786Z","level":"ERROR","message":"Customer with id  3 is not found","logger_name":"com.demo.CustomerMS.serviceimpl.CustomerServiceImpl","thread_name":"main","application_name":"CustomerMS"}
{"@timestamp":"2020-06-19T04:23:44.126Z","level":"INFO","message":"No active profile set, falling back to default profiles: default","logger_name":"com.demo.CustomerMS.CustomerServiceTest","thread_name":"main","application_name":"CustomerMS"}
{"@timestamp":"2020-06-19T04:23:53.736Z","level":"INFO","message":"Started CustomerServiceTest in 10.41 seconds (JVM running for 12.498)","logger_name":"com.demo.CustomerMS.CustomerServiceTest","thread_name":"main","application_name":"CustomerMS"}
{"@timestamp":"2020-06-19T04:23:54.088Z","level":"ERROR","message":"Customer with id  2 is not found","logger_name":"com.demo.CustomerMS.serviceimpl.CustomerServiceImpl","thread_name":"main","application_name":"CustomerMS"}
{"@timestamp":"2020-06-19T04:23:54.108Z","level":"ERROR","message":"Customer with id  3 is not found","logger_name":"com.demo.CustomerMS.serviceimpl.CustomerServiceImpl","thread_name":"main","application_name":"CustomerMS"}
{"@timestamp":"2020-06-19T04:23:54.396Z","level":"INFO","message":"No active profile set, falling back to default profiles: default","logger_name":"com.demo.CustomerMS.CustomerServiceTest","thread_name":"main","application_name":"CustomerMS"}
{"@timestamp":"2020-06-19T04:24:04.682Z","level":"INFO","message":"No active profile set, falling back to default profiles: default","logger_name":"com.demo.CustomerMS.CustomerServiceTest","thread_name":"main","application_name":"CustomerMS"}
{"@timestamp":"2020-06-19T04:24:05.541Z","level":"INFO","message":"Started CustomerServiceTest in 12.249 seconds (JVM running for 14.848)","logger_name":"com.demo.CustomerMS.CustomerServiceTest","thread_name":"main","application_name":"CustomerMS"}
{"@timestamp":"2020-06-19T04:24:05.948Z","level":"ERROR","message":"Customer with id  2 is not found","logger_name":"com.demo.CustomerMS.serviceimpl.CustomerServiceImpl","thread_name":"main","application_name":"CustomerMS"}
{"@timestamp":"2020-06-19T04:24:05.969Z","level":"ERROR","message":"Customer with id  3 is not found","logger_name":"com.demo.CustomerMS.serviceimpl.CustomerServiceImpl","thread_name":"main","application_name":"CustomerMS"}
{"@timestamp":"2020-06-19T04:24:14.623Z","level":"INFO","message":"Started CustomerServiceTest in 10.992 seconds (JVM running for 13.918)","logger_name":"com.demo.CustomerMS.CustomerServiceTest","thread_name":"main","application_name":"CustomerMS"}
{"@timestamp":"2020-06-19T04:24:14.904Z","level":"ERROR","message":"Customer with id  2 is not found","logger_name":"com.demo.CustomerMS.serviceimpl.CustomerServiceImpl","thread_name":"main","application_name":"CustomerMS"}
{"@timestamp":"2020-06-19T04:24:14.922Z","level":"ERROR","message":"Customer with id  3 is not found","logger_name":"com.demo.CustomerMS.serviceimpl.CustomerServiceImpl","thread_name":"main","application_name":"CustomerMS"}
{"@timestamp":"2020-06-19T04:24:28.060Z","level":"INFO","message":"No active profile set, falling back to default profiles: default","logger_name":"com.demo.CustomerMS.CustomerServiceTest","thread_name":"main","application_name":"CustomerMS"}
{"@timestamp":"2020-06-19T04:24:38.054Z","level":"INFO","message":"Started CustomerServiceTest in 10.78 seconds (JVM running for 12.87)","logger_name":"com.demo.CustomerMS.CustomerServiceTest","thread_name":"main","application_name":"CustomerMS"}
{"@timestamp":"2020-06-19T04:24:38.326Z","level":"ERROR","message":"Customer with id  2 is not found","logger_name":"com.demo.CustomerMS.serviceimpl.CustomerServiceImpl","thread_name":"main","application_name":"CustomerMS"}
{"@timestamp":"2020-06-19T04:24:38.340Z","level":"ERROR","message":"Customer with id  3 is not found","logger_name":"com.demo.CustomerMS.serviceimpl.CustomerServiceImpl","thread_name":"main","application_name":"CustomerMS"}
{"@timestamp":"2020-06-19T04:27:26.899Z","level":"INFO","message":"No active profile set, falling back to default profiles: default","logger_name":"com.demo.CustomerMS.CustomerServiceTest","thread_name":"main","application_name":"CustomerMS"}
{"@timestamp":"2020-06-19T04:27:34.129Z","level":"INFO","message":"Started CustomerServiceTest in 7.809 seconds (JVM running for 8.925)","logger_name":"com.demo.CustomerMS.CustomerServiceTest","thread_name":"main","application_name":"CustomerMS"}
{"@timestamp":"2020-06-19T04:27:34.340Z","level":"ERROR","message":"Customer with id  2 is not found","logger_name":"com.demo.CustomerMS.serviceimpl.CustomerServiceImpl","thread_name":"main","application_name":"CustomerMS"}
{"@timestamp":"2020-06-19T04:27:34.354Z","level":"ERROR","message":"Customer with id  3 is not found","logger_name":"com.demo.CustomerMS.serviceimpl.CustomerServiceImpl","thread_name":"main","application_name":"CustomerMS"}
